0x0: <ldw t0(0x0) 0x0 >
0x2: <ldw t6(0x0) 0x0 >
0x4: <jmp t6(0x2ce) 0x0 >
0x2ce: <mov t4(0x0) t0(0x5) >
0x2cf: <sys 0x9 0x0 >
0x2d0: <mov t2(0x0) t0(0x1f9c) >
0x2d1: <sub t2(0x1f9c) t1(0x9e2) >
[.] R=0x15ba

0x2d2: <cmp t2(0x15ba) 0x64 >
0x2d3: <ldw t6(0x2ce) 0x0 >
0x2d5: <jnz t6(0x2fc) bigger(0x1) >
0x2fc: <div t2(0x15ba) 0x3 >
0x2fd: <mov t7(0x0) t0(0x1f9c) >
0x2fe: <sub t7(0x1f9c) t2(0x73e) >
[.] R=0x185e

0x2ff: <ldw t6(0x2fc) 0x0 >
0x301: <mov [t6(0x320)](0x0) t7(0x185e) >
0x302: <mov t2(0x73e) t7(0x185e) >
0x303: <sub t2(0x185e) 0x1 >
[.] R=0x185d

0x304: <ldw t6(0x320) 0x0 >
0x306: <mov [t6(0x322)](0x0) t2(0x185d) >
0x307: <mov t3(0x0) t1(0x9e2) >
0x308: <add t3(0x9e2) 0x1 >
[.] R=0x9e3

0x309: <ldw t6(0x322) 0x0 >
0x30b: <mov [t6(0x321)](0x0) t3(0x9e3) >
0x30c: <mov t6(0x321) t2(0x185d) >
0x30d: <add t6(0x185d) 0x1 >
[.] R=0x185e

0x30e: <mov [t6(0x185e)](0x0) t3(0x9e3) >
0x30f: <mov t6(0x185e) t2(0x185d) >
0x310: <add t6(0x185d) 0x2 >
[.] R=0x185f

0x311: <mov [t6(0x185f)](0x0) 0x42 >
0x312: <mov t6(0x185f) t2(0x185d) >
0x313: <add t6(0x185d) 0x0 >
[.] R=0x185d

0x314: <mov [t6(0x185d)](0x0) 0x0 >
0x315: <sub t2(0x185d) t3(0x9e3) >
[.] R=0xe7a

0x316: <mov t6(0x185d) t3(0x9e3) >
0x317: <add t6(0x9e3) 0x0 >
[.] R=0x9e3

0x318: <mov [t6(0x9e3)](0x0) t2(0xe7a) >
0x319: <mov t6(0x9e3) t3(0x9e3) >
0x31a: <add t6(0x9e3) 0x2 >
[.] R=0x9e5

0x31b: <mov [t6(0x9e5)](0x0) 0x23 >
0x31c: <mov t6(0x9e5) t3(0x9e3) >
0x31d: <add t6(0x9e3) 0x1 >
[.] R=0x9e4

0x31e: <mov [t6(0x9e4)](0x0) 0x0 >
0x31f: <jmp t4(0x5) 0x0 >
0x5: <ldw t5(0x0) 0x0 >
0x7: <mov t6(0x9e4) ip(0x7) >
0x8: <add t6(0x7) 0x5 >
[.] R=0xc

0x9: <add t7(0x185e) 0x1 >
[.] R=0x185f

0xa: <mov [t7(0x185f)](0x42) t6(0xc) >
0xb: <jmp t5(0xd) 0x0 >
0xd: <ldw t1(0x9e2) 0x0 >
0xf: <ldw t2(0xe7a) 0x0 >
0x11: <ldw t5(0xd) 0x0 >
0x13: <mov t6(0xc) ip(0x13) >
0x14: <add t6(0x13) 0x5 >
[.] R=0x18

0x15: <add t7(0x185f) 0x1 >
[.] R=0x1860

0x16: <mov [t7(0x1860)](0x0) t6(0x18) >
0x17: <jmp t5(0x961) 0x0 >
0x961: <ldw t5(0x961) 0x0 >
0x963: <mov t6(0x18) ip(0x963) >
0x964: <add t6(0x963) 0x5 >
[.] R=0x968

0x965: <add t7(0x1860) 0x1 >
[.] R=0x1861

0x966: <mov [t7(0x1861)](0x0) t6(0x968) >
0x967: <jmp t5(0x3c0) 0x0 >
0x3c0: <add t7(0x1861) 0x1 >
[.] R=0x1862

0x3c1: <mov [t7(0x1862)](0x0) t0(0x1f9c) >
0x3c2: <add t7(0x1862) 0x1 >
[.] R=0x1863

0x3c3: <mov [t7(0x1863)](0x0) t1(0x1c) >
0x3c4: <add t7(0x1863) 0x1 >
[.] R=0x1864

0x3c5: <mov [t7(0x1864)](0x0) t2(0x4) >
0x3c6: <sys 0xb 0x0 >
0x3c7: <mov t2(0x4) t0(0x2410f8a0) >
0x3c8: <ldw t1(0x1c) 0x0 >
0x3ca: <ldw t5(0x3c0) 0x0 >
0x3cc: <mov t6(0x968) ip(0x3cc) >
0x3cd: <add t6(0x3cc) 0x5 >
[.] R=0x3d1

0x3ce: <add t7(0x1864) 0x1 >
[.] R=0x1865

0x3cf: <mov [t7(0x1865)](0x0) t6(0x3d1) >
0x3d0: <jmp t5(0x323) 0x0 >
0x323: <add t7(0x1865) 0x1 >
[.] R=0x1866

0x324: <mov [t7(0x1866)](0x0) t3(0x9e3) >
0x325: <add t7(0x1866) 0x1 >
[.] R=0x1867

0x326: <mov [t7(0x1867)](0x0) t4(0x5) >
0x327: <add t7(0x1867) 0x1 >
[.] R=0x1868

0x328: <mov [t7(0x1868)](0x0) t5(0x323) >
0x329: <mov t3(0x9e3) 0x1 >
0x32a: <mov t4(0x5) t2(0x2410f8a0) >
0x32b: <rol t4(0x2410f8a0) t3(0x1) >
0x32c: <ldw t5(0x323) 0x0 >
0x32e: <xor t4(0x4821f140) t5(0xffffffff9e3779b9) >
[.] R=0xffffffffd61688f9

0x32f: <add t1(0xd0ac0de) t4(0xffffffffd61688f9) >
[.] R=0xffffffffe32149d7

0x330: <mov t4(0xffffffffd61688f9) t2(0x2410f8a0) >
0x331: <rol t4(0x2410f8a0) t3(0x1) >
0x332: <rol t4(0x4821f140) 0x3 >
0x333: <ldw t5(0xffffffff9e3779b9) 0x0 >
0x335: <xor t4(0x410f8a02) t5(0xffffffffb7e15163) >
[.] R=0xfffffffff6eedb61

0x336: <xor t1(0xffffffffe32149d7) t4(0xfffffffff6eedb61) >
[.] R=0x15cf92b6

0x337: <rol t1(0x15cf92b6) t3(0x1) >
0x338: <mov t4(0xfffffffff6eedb61) t2(0x2410f8a0) >
0x339: <ldw t5(0xffffffffb7e15163) 0x0 >
0x33b: <xor t4(0x2410f8a0) t5(0x156af10a) >
[.] R=0x317a09aa

0x33c: <mul t1(0x2b9f256c) t4(0x317a09aa) >
[.] R=0x1177a5b8

0x33d: <add t3(0x1) 0x1 >
[.] R=0x2

0x33e: <cmp t3(0x2) 0x1f >
0x33f: <ldw t6(0x3d1) 0x0 >
0x341: <jz t6(0x345) smaller(0x1) >
0x342: <ldw t6(0x345) 0x0 >
0x344: <jmp t6(0x32a) 0x0 >
0x32a: <mov t4(0x317a09aa) t2(0x2410f8a0) >
0x32b: <rol t4(0x2410f8a0) t3(0x2) >
0x32c: <ldw t5(0x156af10a) 0x0 >
0x32e: <xor t4(0xffffffff9043e280) t5(0xffffffff9e3779b9) >
[.] R=0xe749b39

0x32f: <add t1(0x1177a5b8) t4(0xe749b39) >
[.] R=0x1fec40f1

0x330: <mov t4(0xe749b39) t2(0x2410f8a0) >
0x331: <rol t4(0x2410f8a0) t3(0x2) >
0x332: <rol t4(0xffffffff9043e280) 0x3 >
0x333: <ldw t5(0xffffffff9e3779b9) 0x0 >
0x335: <xor t4(0xffffffff821f1404) t5(0xffffffffb7e15163) >
[.] R=0x35fe4567

0x336: <xor t1(0x1fec40f1) t4(0x35fe4567) >
[.] R=0x2a120596

0x337: <rol t1(0x2a120596) t3(0x2) >
0x338: <mov t4(0x35fe4567) t2(0x2410f8a0) >
0x339: <ldw t5(0xffffffffb7e15163) 0x0 >
0x33b: <xor t4(0x2410f8a0) t5(0x156af10a) >
[.] R=0x317a09aa

0x33c: <mul t1(0xffffffffa8481658) t4(0x317a09aa) >
[.] R=0xffffffffc697ee70

0x33d: <add t3(0x2) 0x1 >
[.] R=0x3

0x33e: <cmp t3(0x3) 0x1f >
0x33f: <ldw t6(0x32a) 0x0 >
0x341: <jz t6(0x345) smaller(0x1) >
0x342: <ldw t6(0x345) 0x0 >
0x344: <jmp t6(0x32a) 0x0 >
0x32a: <mov t4(0x317a09aa) t2(0x2410f8a0) >
0x32b: <rol t4(0x2410f8a0) t3(0x3) >
0x32c: <ldw t5(0x156af10a) 0x0 >
0x32e: <xor t4(0x2087c501) t5(0xffffffff9e3779b9) >
[.] R=0xffffffffbeb0bcb8

0x32f: <add t1(0xffffffffc697ee70) t4(0xffffffffbeb0bcb8) >
[.] R=0xffffffff8548ab28

0x330: <mov t4(0xffffffffbeb0bcb8) t2(0x2410f8a0) >
0x331: <rol t4(0x2410f8a0) t3(0x3) >
0x332: <rol t4(0x2087c501) 0x3 >
0x333: <ldw t5(0xffffffff9e3779b9) 0x0 >
0x335: <xor t4(0x43e2809) t5(0xffffffffb7e15163) >
[.] R=0xffffffffb3df796a

0x336: <xor t1(0xffffffff8548ab28) t4(0xffffffffb3df796a) >
[.] R=0x3697d242

0x337: <rol t1(0x3697d242) t3(0x3) >
0x338: <mov t4(0xffffffffb3df796a) t2(0x2410f8a0) >
0x339: <ldw t5(0xffffffffb7e15163) 0x0 >
0x33b: <xor t4(0x2410f8a0) t5(0x156af10a) >
[.] R=0x317a09aa

0x33c: <mul t1(0xffffffffb4be9211) t4(0x317a09aa) >
[.] R=0xffffffff96c9984a

0x33d: <add t3(0x3) 0x1 >
[.] R=0x4

0x33e: <cmp t3(0x4) 0x1f >
0x33f: <ldw t6(0x32a) 0x0 >
0x341: <jz t6(0x345) smaller(0x1) >
0x342: <ldw t6(0x345) 0x0 >
0x344: <jmp t6(0x32a) 0x0 >
0x32a: <mov t4(0x317a09aa) t2(0x2410f8a0) >
0x32b: <rol t4(0x2410f8a0) t3(0x4) >
0x32c: <ldw t5(0x156af10a) 0x0 >
0x32e: <xor t4(0x410f8a02) t5(0xffffffff9e3779b9) >
[.] R=0xffffffffdf38f3bb

0x32f: <add t1(0xffffffff96c9984a) t4(0xffffffffdf38f3bb) >
[.] R=0x76028c05

0x330: <mov t4(0xffffffffdf38f3bb) t2(0x2410f8a0) >
0x331: <rol t4(0x2410f8a0) t3(0x4) >
0x332: <rol t4(0x410f8a02) 0x3 >
0x333: <ldw t5(0xffffffff9e3779b9) 0x0 >
0x335: <xor t4(0x87c5012) t5(0xffffffffb7e15163) >
[.] R=0xffffffffbf9d0171

0x336: <xor t1(0x76028c05) t4(0xffffffffbf9d0171) >
[.] R=0xffffffffc99f8d74

0x337: <rol t1(0xffffffffc99f8d74) t3(0x4) >
0x338: <mov t4(0xffffffffbf9d0171) t2(0x2410f8a0) >
0x339: <ldw t5(0xffffffffb7e15163) 0x0 >
0x33b: <xor t4(0x2410f8a0) t5(0x156af10a) >
[.] R=0x317a09aa

0x33c: <mul t1(0xffffffff99f8d74c) t4(0x317a09aa) >
[.] R=0x2508a478

0x33d: <add t3(0x4) 0x1 >
[.] R=0x5

0x33e: <cmp t3(0x5) 0x1f >
0x33f: <ldw t6(0x32a) 0x0 >
0x341: <jz t6(0x345) smaller(0x1) >
0x342: <ldw t6(0x345) 0x0 >
0x344: <jmp t6(0x32a) 0x0 >
0x32a: <mov t4(0x317a09aa) t2(0x2410f8a0) >
0x32b: <rol t4(0x2410f8a0) t3(0x5) >
0x32c: <ldw t5(0x156af10a) 0x0 >
0x32e: <xor t4(0xffffffff821f1404) t5(0xffffffff9e3779b9) >
[.] R=0x1c286dbd

0x32f: <add t1(0x2508a478) t4(0x1c286dbd) >
[.] R=0x41311235

0x330: <mov t4(0x1c286dbd) t2(0x2410f8a0) >
0x331: <rol t4(0x2410f8a0) t3(0x5) >
0x332: <rol t4(0xffffffff821f1404) 0x3 >
0x333: <ldw t5(0xffffffff9e3779b9) 0x0 >
0x335: <xor t4(0x10f8a024) t5(0xffffffffb7e15163) >
[.] R=0xffffffffa719f147

0x336: <xor t1(0x41311235) t4(0xffffffffa719f147) >
[.] R=0xffffffffe628e372

0x337: <rol t1(0xffffffffe628e372) t3(0x5) >
0x338: <mov t4(0xffffffffa719f147) t2(0x2410f8a0) >
0x339: <ldw t5(0xffffffffb7e15163) 0x0 >
0x33b: <xor t4(0x2410f8a0) t5(0x156af10a) >
[.] R=0x317a09aa

0x33c: <mul t1(0xffffffffc51c6e5c) t4(0x317a09aa) >
[.] R=0x189a8518

0x33d: <add t3(0x5) 0x1 >
[.] R=0x6

0x33e: <cmp t3(0x6) 0x1f >
0x33f: <ldw t6(0x32a) 0x0 >
0x341: <jz t6(0x345) smaller(0x1) >
0x342: <ldw t6(0x345) 0x0 >
0x344: <jmp t6(0x32a) 0x0 >
0x32a: <mov t4(0x317a09aa) t2(0x2410f8a0) >
0x32b: <rol t4(0x2410f8a0) t3(0x6) >
0x32c: <ldw t5(0x156af10a) 0x0 >
0x32e: <xor t4(0x43e2809) t5(0xffffffff9e3779b9) >
[.] R=0xffffffff9a0951b0

0x32f: <add t1(0x189a8518) t4(0xffffffff9a0951b0) >
[.] R=0xffffffffb2a3d6c8

0x330: <mov t4(0xffffffff9a0951b0) t2(0x2410f8a0) >
0x331: <rol t4(0x2410f8a0) t3(0x6) >
0x332: <rol t4(0x43e2809) 0x3 >
0x333: <ldw t5(0xffffffff9e3779b9) 0x0 >
0x335: <xor t4(0x21f14048) t5(0xffffffffb7e15163) >
[.] R=0xffffffff9610112b

0x336: <xor t1(0xffffffffb2a3d6c8) t4(0xffffffff9610112b) >
[.] R=0x24b3c7e3

0x337: <rol t1(0x24b3c7e3) t3(0x6) >
0x338: <mov t4(0xffffffff9610112b) t2(0x2410f8a0) >
0x339: <ldw t5(0xffffffffb7e15163) 0x0 >
0x33b: <xor t4(0x2410f8a0) t5(0x156af10a) >
[.] R=0x317a09aa

0x33c: <mul t1(0x2cf1f8c9) t4(0x317a09aa) >
[.] R=0x6338467a

0x33d: <add t3(0x6) 0x1 >
[.] R=0x7

0x33e: <cmp t3(0x7) 0x1f >
0x33f: <ldw t6(0x32a) 0x0 >
0x341: <jz t6(0x345) smaller(0x1) >
0x342: <ldw t6(0x345) 0x0 >
0x344: <jmp t6(0x32a) 0x0 >
0x32a: <mov t4(0x317a09aa) t2(0x2410f8a0) >
0x32b: <rol t4(0x2410f8a0) t3(0x7) >
0x32c: <ldw t5(0x156af10a) 0x0 >
0x32e: <xor t4(0x87c5012) t5(0xffffffff9e3779b9) >
[.] R=0xffffffff964b29ab

0x32f: <add t1(0x6338467a) t4(0xffffffff964b29ab) >
[.] R=0xfffffffff9837025

0x330: <mov t4(0xffffffff964b29ab) t2(0x2410f8a0) >
0x331: <rol t4(0x2410f8a0) t3(0x7) >
0x332: <rol t4(0x87c5012) 0x3 >
0x333: <ldw t5(0xffffffff9e3779b9) 0x0 >
0x335: <xor t4(0x43e28090) t5(0xffffffffb7e15163) >
[.] R=0xfffffffff403d1f3

0x336: <xor t1(0xfffffffff9837025) t4(0xfffffffff403d1f3) >
[.] R=0xd80a1d6

0x337: <rol t1(0xd80a1d6) t3(0x7) >
0x338: <mov t4(0xfffffffff403d1f3) t2(0x2410f8a0) >
0x339: <ldw t5(0xffffffffb7e15163) 0x0 >
0x33b: <xor t4(0x2410f8a0) t5(0x156af10a) >
[.] R=0x317a09aa

0x33c: <mul t1(0xffffffffc050eb06) t4(0x317a09aa) >
[.] R=0xffffffffb4db47fc

0x33d: <add t3(0x7) 0x1 >
[.] R=0x8

0x33e: <cmp t3(0x8) 0x1f >
0x33f: <ldw t6(0x32a) 0x0 >
0x341: <jz t6(0x345) smaller(0x1) >
0x342: <ldw t6(0x345) 0x0 >
0x344: <jmp t6(0x32a) 0x0 >
0x32a: <mov t4(0x317a09aa) t2(0x2410f8a0) >
0x32b: <rol t4(0x2410f8a0) t3(0x8) >
0x32c: <ldw t5(0x156af10a) 0x0 >
0x32e: <xor t4(0x10f8a024) t5(0xffffffff9e3779b9) >
[.] R=0xffffffff8ecfd99d

0x32f: <add t1(0xffffffffb4db47fc) t4(0xffffffff8ecfd99d) >
[.] R=0x43ab2199

0x330: <mov t4(0xffffffff8ecfd99d) t2(0x2410f8a0) >
0x331: <rol t4(0x2410f8a0) t3(0x8) >
0x332: <rol t4(0x10f8a024) 0x3 >
0x333: <ldw t5(0xffffffff9e3779b9) 0x0 >
0x335: <xor t4(0xffffffff87c50120) t5(0xffffffffb7e15163) >
[.] R=0x30245043

0x336: <xor t1(0x43ab2199) t4(0x30245043) >
[.] R=0x738f71da

0x337: <rol t1(0x738f71da) t3(0x8) >
0x338: <mov t4(0x30245043) t2(0x2410f8a0) >
0x339: <ldw t5(0xffffffffb7e15163) 0x0 >
0x33b: <xor t4(0x2410f8a0) t5(0x156af10a) >
[.] R=0x317a09aa

0x33c: <mul t1(0xffffffff8f71da73) t4(0x317a09aa) >
[.] R=0x60171b5e

0x33d: <add t3(0x8) 0x1 >
[.] R=0x9

0x33e: <cmp t3(0x9) 0x1f >
0x33f: <ldw t6(0x32a) 0x0 >
0x341: <jz t6(0x345) smaller(0x1) >
0x342: <ldw t6(0x345) 0x0 >
0x344: <jmp t6(0x32a) 0x0 >
0x32a: <mov t4(0x317a09aa) t2(0x2410f8a0) >
0x32b: <rol t4(0x2410f8a0) t3(0x9) >
0x32c: <ldw t5(0x156af10a) 0x0 >
0x32e: <xor t4(0x21f14048) t5(0xffffffff9e3779b9) >
[.] R=0xffffffffbfc639f1

0x32f: <add t1(0x60171b5e) t4(0xffffffffbfc639f1) >
[.] R=0x1fdd554f

0x330: <mov t4(0xffffffffbfc639f1) t2(0x2410f8a0) >
0x331: <rol t4(0x2410f8a0) t3(0x9) >
0x332: <rol t4(0x21f14048) 0x3 >
0x333: <ldw t5(0xffffffff9e3779b9) 0x0 >
0x335: <xor t4(0xf8a0241) t5(0xffffffffb7e15163) >
[.] R=0xffffffffb86b5322

0x336: <xor t1(0x1fdd554f) t4(0xffffffffb86b5322) >
[.] R=0xffffffffa7b6066d

0x337: <rol t1(0xffffffffa7b6066d) t3(0x9) >
0x338: <mov t4(0xffffffffb86b5322) t2(0x2410f8a0) >
0x339: <ldw t5(0xffffffffb7e15163) 0x0 >
0x33b: <xor t4(0x2410f8a0) t5(0x156af10a) >
[.] R=0x317a09aa

0x33c: <mul t1(0x6c0cdb4f) t4(0x317a09aa) >
[.] R=0xffffffffd6e56976

0x33d: <add t3(0x9) 0x1 >
[.] R=0xa

0x33e: <cmp t3(0xa) 0x1f >
0x33f: <ldw t6(0x32a) 0x0 >
0x341: <jz t6(0x345) smaller(0x1) >
0x342: <ldw t6(0x345) 0x0 >
0x344: <jmp t6(0x32a) 0x0 >
0x32a: <mov t4(0x317a09aa) t2(0x2410f8a0) >
0x32b: <rol t4(0x2410f8a0) t3(0xa) >
0x32c: <ldw t5(0x156af10a) 0x0 >
0x32e: <xor t4(0x43e28090) t5(0xffffffff9e3779b9) >
[.] R=0xffffffffddd5f929

0x32f: <add t1(0xffffffffd6e56976) t4(0xffffffffddd5f929) >
[.] R=0xffffffffb4bb629f

0x330: <mov t4(0xffffffffddd5f929) t2(0x2410f8a0) >
0x331: <rol t4(0x2410f8a0) t3(0xa) >
0x332: <rol t4(0x43e28090) 0x3 >
0x333: <ldw t5(0xffffffff9e3779b9) 0x0 >
0x335: <xor t4(0x1f140482) t5(0xffffffffb7e15163) >
[.] R=0xffffffffa8f555e1

0x336: <xor t1(0xffffffffb4bb629f) t4(0xffffffffa8f555e1) >
[.] R=0x1c4e377e

0x337: <rol t1(0x1c4e377e) t3(0xa) >
0x338: <mov t4(0xffffffffa8f555e1) t2(0x2410f8a0) >
0x339: <ldw t5(0xffffffffb7e15163) 0x0 >
0x33b: <xor t4(0x2410f8a0) t5(0x156af10a) >
[.] R=0x317a09aa

0x33c: <mul t1(0x38ddf871) t4(0x317a09aa) >
[.] R=0xffffffff97fcf40a

0x33d: <add t3(0xa) 0x1 >
[.] R=0xb

0x33e: <cmp t3(0xb) 0x1f >
0x33f: <ldw t6(0x32a) 0x0 >
0x341: <jz t6(0x345) smaller(0x1) >
0x342: <ldw t6(0x345) 0x0 >
0x344: <jmp t6(0x32a) 0x0 >
0x32a: <mov t4(0x317a09aa) t2(0x2410f8a0) >
0x32b: <rol t4(0x2410f8a0) t3(0xb) >
0x32c: <ldw t5(0x156af10a) 0x0 >
0x32e: <xor t4(0xffffffff87c50120) t5(0xffffffff9e3779b9) >
[.] R=0x19f27899

0x32f: <add t1(0xffffffff97fcf40a) t4(0x19f27899) >
[.] R=0xffffffffb1ef6ca3

0x330: <mov t4(0x19f27899) t2(0x2410f8a0) >
0x331: <rol t4(0x2410f8a0) t3(0xb) >
0x332: <rol t4(0xffffffff87c50120) 0x3 >
0x333: <ldw t5(0xffffffff9e3779b9) 0x0 >
0x335: <xor t4(0x3e280904) t5(0xffffffffb7e15163) >
[.] R=0xffffffff89c95867

0x336: <xor t1(0xffffffffb1ef6ca3) t4(0xffffffff89c95867) >
[.] R=0x382634c4

0x337: <rol t1(0x382634c4) t3(0xb) >
0x338: <mov t4(0xffffffff89c95867) t2(0x2410f8a0) >
0x339: <ldw t5(0xffffffffb7e15163) 0x0 >
0x33b: <xor t4(0x2410f8a0) t5(0x156af10a) >
[.] R=0x317a09aa

0x33c: <mul t1(0x31a621c1) t4(0x317a09aa) >
[.] R=0xffffffffd67c332a

0x33d: <add t3(0xb) 0x1 >
[.] R=0xc

0x33e: <cmp t3(0xc) 0x1f >
0x33f: <ldw t6(0x32a) 0x0 >
0x341: <jz t6(0x345) smaller(0x1) >
0x342: <ldw t6(0x345) 0x0 >
0x344: <jmp t6(0x32a) 0x0 >
0x32a: <mov t4(0x317a09aa) t2(0x2410f8a0) >
0x32b: <rol t4(0x2410f8a0) t3(0xc) >
0x32c: <ldw t5(0x156af10a) 0x0 >
0x32e: <xor t4(0xf8a0241) t5(0xffffffff9e3779b9) >
[.] R=0xffffffff91bd7bf8

0x32f: <add t1(0xffffffffd67c332a) t4(0xffffffff91bd7bf8) >
[.] R=0x6839af22

0x330: <mov t4(0xffffffff91bd7bf8) t2(0x2410f8a0) >
0x331: <rol t4(0x2410f8a0) t3(0xc) >
0x332: <rol t4(0xf8a0241) 0x3 >
0x333: <ldw t5(0xffffffff9e3779b9) 0x0 >
0x335: <xor t4(0x7c501208) t5(0xffffffffb7e15163) >
[.] R=0xffffffffcbb1436b

0x336: <xor t1(0x6839af22) t4(0xffffffffcbb1436b) >
[.] R=0xffffffffa388ec49

0x337: <rol t1(0xffffffffa388ec49) t3(0xc) >
0x338: <mov t4(0xffffffffcbb1436b) t2(0x2410f8a0) >
0x339: <ldw t5(0xffffffffb7e15163) 0x0 >
0x33b: <xor t4(0x2410f8a0) t5(0x156af10a) >
[.] R=0x317a09aa

0x33c: <mul t1(0xffffffff8ec49a38) t4(0x317a09aa) >
[.] R=0xffffffffeeaa6130

0x33d: <add t3(0xc) 0x1 >
[.] R=0xd

0x33e: <cmp t3(0xd) 0x1f >
0x33f: <ldw t6(0x32a) 0x0 >
0x341: <jz t6(0x345) smaller(0x1) >
0x342: <ldw t6(0x345) 0x0 >
0x344: <jmp t6(0x32a) 0x0 >
0x32a: <mov t4(0x317a09aa) t2(0x2410f8a0) >
0x32b: <rol t4(0x2410f8a0) t3(0xd) >
0x32c: <ldw t5(0x156af10a) 0x0 >
0x32e: <xor t4(0x1f140482) t5(0xffffffff9e3779b9) >
[.] R=0xffffffff81237d3b

0x32f: <add t1(0xffffffffeeaa6130) t4(0xffffffff81237d3b) >
[.] R=0x6fcdde6b

0x330: <mov t4(0xffffffff81237d3b) t2(0x2410f8a0) >
0x331: <rol t4(0x2410f8a0) t3(0xd) >
0x332: <rol t4(0x1f140482) 0x3 >
0x333: <ldw t5(0xffffffff9e3779b9) 0x0 >
0x335: <xor t4(0xfffffffff8a02410) t5(0xffffffffb7e15163) >
[.] R=0x4f417573

0x336: <xor t1(0x6fcdde6b) t4(0x4f417573) >
[.] R=0x208cab18

0x337: <rol t1(0x208cab18) t3(0xd) >
0x338: <mov t4(0x4f417573) t2(0x2410f8a0) >
0x339: <ldw t5(0xffffffffb7e15163) 0x0 >
0x33b: <xor t4(0x2410f8a0) t5(0x156af10a) >
[.] R=0x317a09aa

0x33c: <mul t1(0xffffffff95630411) t4(0x317a09aa) >
[.] R=0xffffffffdfff4c4a

0x33d: <add t3(0xd) 0x1 >
[.] R=0xe

0x33e: <cmp t3(0xe) 0x1f >
0x33f: <ldw t6(0x32a) 0x0 >
0x341: <jz t6(0x345) smaller(0x1) >
0x342: <ldw t6(0x345) 0x0 >
0x344: <jmp t6(0x32a) 0x0 >
0x32a: <mov t4(0x317a09aa) t2(0x2410f8a0) >
0x32b: <rol t4(0x2410f8a0) t3(0xe) >
0x32c: <ldw t5(0x156af10a) 0x0 >
0x32e: <xor t4(0x3e280904) t5(0xffffffff9e3779b9) >
[.] R=0xffffffffa01f70bd

0x32f: <add t1(0xffffffffdfff4c4a) t4(0xffffffffa01f70bd) >
[.] R=0xffffffff801ebd07

0x330: <mov t4(0xffffffffa01f70bd) t2(0x2410f8a0) >
0x331: <rol t4(0x2410f8a0) t3(0xe) >
0x332: <rol t4(0x3e280904) 0x3 >
0x333: <ldw t5(0xffffffff9e3779b9) 0x0 >
0x335: <xor t4(0xfffffffff1404821) t5(0xffffffffb7e15163) >
[.] R=0x46a11942

0x336: <xor t1(0xffffffff801ebd07) t4(0x46a11942) >
[.] R=0xffffffffc6bfa445

0x337: <rol t1(0xffffffffc6bfa445) t3(0xe) >
0x338: <mov t4(0x46a11942) t2(0x2410f8a0) >
0x339: <ldw t5(0xffffffffb7e15163) 0x0 >
0x33b: <xor t4(0x2410f8a0) t5(0x156af10a) >
[.] R=0x317a09aa

0x33c: <mul t1(0xffffffffe91171af) t4(0x317a09aa) >
[.] R=0xefaa536

0x33d: <add t3(0xe) 0x1 >
[.] R=0xf

0x33e: <cmp t3(0xf) 0x1f >
0x33f: <ldw t6(0x32a) 0x0 >
0x341: <jz t6(0x345) smaller(0x1) >
0x342: <ldw t6(0x345) 0x0 >
0x344: <jmp t6(0x32a) 0x0 >
0x32a: <mov t4(0x317a09aa) t2(0x2410f8a0) >
0x32b: <rol t4(0x2410f8a0) t3(0xf) >
0x32c: <ldw t5(0x156af10a) 0x0 >
0x32e: <xor t4(0x7c501208) t5(0xffffffff9e3779b9) >
[.] R=0xffffffffe2676bb1

0x32f: <add t1(0xefaa536) t4(0xffffffffe2676bb1) >
[.] R=0xfffffffff16210e7

0x330: <mov t4(0xffffffffe2676bb1) t2(0x2410f8a0) >
0x331: <rol t4(0x2410f8a0) t3(0xf) >
0x332: <rol t4(0x7c501208) 0x3 >
0x333: <ldw t5(0xffffffff9e3779b9) 0x0 >
0x335: <xor t4(0xffffffffe2809043) t5(0xffffffffb7e15163) >
[.] R=0x5561c120

0x336: <xor t1(0xfffffffff16210e7) t4(0x5561c120) >
[.] R=0xffffffffa403d1c7

0x337: <rol t1(0xffffffffa403d1c7) t3(0xf) >
0x338: <mov t4(0x5561c120) t2(0x2410f8a0) >
0x339: <ldw t5(0xffffffffb7e15163) 0x0 >
0x33b: <xor t4(0x2410f8a0) t5(0x156af10a) >
[.] R=0x317a09aa

0x33c: <mul t1(0xffffffffe8e3d201) t4(0x317a09aa) >
[.] R=0xffffffffef257daa

0x33d: <add t3(0xf) 0x1 >
[.] R=0x10

0x33e: <cmp t3(0x10) 0x1f >
0x33f: <ldw t6(0x32a) 0x0 >
0x341: <jz t6(0x345) smaller(0x1) >
0x342: <ldw t6(0x345) 0x0 >
0x344: <jmp t6(0x32a) 0x0 >
0x32a: <mov t4(0x317a09aa) t2(0x2410f8a0) >
0x32b: <rol t4(0x2410f8a0) t3(0x10) >
0x32c: <ldw t5(0x156af10a) 0x0 >
0x32e: <xor t4(0xfffffffff8a02410) t5(0xffffffff9e3779b9) >
[.] R=0x66975da9

0x32f: <add t1(0xffffffffef257daa) t4(0x66975da9) >
[.] R=0x55bcdb53

0x330: <mov t4(0x66975da9) t2(0x2410f8a0) >
0x331: <rol t4(0x2410f8a0) t3(0x10) >
0x332: <rol t4(0xfffffffff8a02410) 0x3 >
0x333: <ldw t5(0xffffffff9e3779b9) 0x0 >
0x335: <xor t4(0xffffffffc5012087) t5(0xffffffffb7e15163) >
[.] R=0x72e071e4

0x336: <xor t1(0x55bcdb53) t4(0x72e071e4) >
[.] R=0x275caab7

0x337: <rol t1(0x275caab7) t3(0x10) >
0x338: <mov t4(0x72e071e4) t2(0x2410f8a0) >
0x339: <ldw t5(0xffffffffb7e15163) 0x0 >
0x33b: <xor t4(0x2410f8a0) t5(0x156af10a) >
[.] R=0x317a09aa

0x33c: <mul t1(0xffffffffaab7275c) t4(0x317a09aa) >
[.] R=0x2bda5f18

0x33d: <add t3(0x10) 0x1 >
[.] R=0x11

0x33e: <cmp t3(0x11) 0x1f >
0x33f: <ldw t6(0x32a) 0x0 >
0x341: <jz t6(0x345) smaller(0x1) >
0x342: <ldw t6(0x345) 0x0 >
0x344: <jmp t6(0x32a) 0x0 >
0x32a: <mov t4(0x317a09aa) t2(0x2410f8a0) >
0x32b: <rol t4(0x2410f8a0) t3(0x11) >
0x32c: <ldw t5(0x156af10a) 0x0 >
0x32e: <xor t4(0xfffffffff1404821) t5(0xffffffff9e3779b9) >
[.] R=0x6f773198

0x32f: <add t1(0x2bda5f18) t4(0x6f773198) >
[.] R=0xffffffff9b5190b0

0x330: <mov t4(0x6f773198) t2(0x2410f8a0) >
0x331: <rol t4(0x2410f8a0) t3(0x11) >
0x332: <rol t4(0xfffffffff1404821) 0x3 >
0x333: <ldw t5(0xffffffff9e3779b9) 0x0 >
0x335: <xor t4(0xffffffff8a02410f) t5(0xffffffffb7e15163) >
[.] R=0x3de3106c

0x336: <xor t1(0xffffffff9b5190b0) t4(0x3de3106c) >
[.] R=0xffffffffa6b280dc

0x337: <rol t1(0xffffffffa6b280dc) t3(0x11) >
0x338: <mov t4(0x3de3106c) t2(0x2410f8a0) >
0x339: <ldw t5(0xffffffffb7e15163) 0x0 >
0x33b: <xor t4(0x2410f8a0) t5(0x156af10a) >
[.] R=0x317a09aa

0x33c: <mul t1(0x1b94d65) t4(0x317a09aa) >
[.] R=0xffffffffdfe7f212

0x33d: <add t3(0x11) 0x1 >
[.] R=0x12

0x33e: <cmp t3(0x12) 0x1f >
0x33f: <ldw t6(0x32a) 0x0 >
0x341: <jz t6(0x345) smaller(0x1) >
0x342: <ldw t6(0x345) 0x0 >
0x344: <jmp t6(0x32a) 0x0 >
0x32a: <mov t4(0x317a09aa) t2(0x2410f8a0) >
0x32b: <rol t4(0x2410f8a0) t3(0x12) >
0x32c: <ldw t5(0x156af10a) 0x0 >
0x32e: <xor t4(0xffffffffe2809043) t5(0xffffffff9e3779b9) >
[.] R=0x7cb7e9fa

0x32f: <add t1(0xffffffffdfe7f212) t4(0x7cb7e9fa) >
[.] R=0x5c9fdc0c

0x330: <mov t4(0x7cb7e9fa) t2(0x2410f8a0) >
0x331: <rol t4(0x2410f8a0) t3(0x12) >
0x332: <rol t4(0xffffffffe2809043) 0x3 >
0x333: <ldw t5(0xffffffff9e3779b9) 0x0 >
0x335: <xor t4(0x1404821f) t5(0xffffffffb7e15163) >
[.] R=0xffffffffa3e5d37c

0x336: <xor t1(0x5c9fdc0c) t4(0xffffffffa3e5d37c) >
[.] R=0xffffffffff7a0f70

0x337: <rol t1(0xffffffffff7a0f70) t3(0x12) >
0x338: <mov t4(0xffffffffa3e5d37c) t2(0x2410f8a0) >
0x339: <ldw t5(0xffffffffb7e15163) 0x0 >
0x33b: <xor t4(0x2410f8a0) t5(0x156af10a) >
[.] R=0x317a09aa

0x33c: <mul t1(0x3dc3fde8) t4(0x317a09aa) >
[.] R=0x50a3c410

0x33d: <add t3(0x12) 0x1 >
[.] R=0x13

0x33e: <cmp t3(0x13) 0x1f >
0x33f: <ldw t6(0x32a) 0x0 >
0x341: <jz t6(0x345) smaller(0x1) >
0x342: <ldw t6(0x345) 0x0 >
0x344: <jmp t6(0x32a) 0x0 >
0x32a: <mov t4(0x317a09aa) t2(0x2410f8a0) >
0x32b: <rol t4(0x2410f8a0) t3(0x13) >
0x32c: <ldw t5(0x156af10a) 0x0 >
0x32e: <xor t4(0xffffffffc5012087) t5(0xffffffff9e3779b9) >
[.] R=0x5b36593e

0x32f: <add t1(0x50a3c410) t4(0x5b36593e) >
[.] R=0xffffffffabda1d4e

0x330: <mov t4(0x5b36593e) t2(0x2410f8a0) >
0x331: <rol t4(0x2410f8a0) t3(0x13) >
0x332: <rol t4(0xffffffffc5012087) 0x3 >
0x333: <ldw t5(0xffffffff9e3779b9) 0x0 >
0x335: <xor t4(0x2809043e) t5(0xffffffffb7e15163) >
[.] R=0xffffffff9fe8555d

0x336: <xor t1(0xffffffffabda1d4e) t4(0xffffffff9fe8555d) >
[.] R=0x34324813

0x337: <rol t1(0x34324813) t3(0x13) >
0x338: <mov t4(0xffffffff9fe8555d) t2(0x2410f8a0) >
0x339: <ldw t5(0xffffffffb7e15163) 0x0 >
0x33b: <xor t4(0x2410f8a0) t5(0x156af10a) >
[.] R=0x317a09aa

0x33c: <mul t1(0x4099a192) t4(0x317a09aa) >
[.] R=0x3e476cf4

0x33d: <add t3(0x13) 0x1 >
[.] R=0x14

0x33e: <cmp t3(0x14) 0x1f >
0x33f: <ldw t6(0x32a) 0x0 >
0x341: <jz t6(0x345) smaller(0x1) >
0x342: <ldw t6(0x345) 0x0 >
0x344: <jmp t6(0x32a) 0x0 >
0x32a: <mov t4(0x317a09aa) t2(0x2410f8a0) >
0x32b: <rol t4(0x2410f8a0) t3(0x14) >
0x32c: <ldw t5(0x156af10a) 0x0 >
0x32e: <xor t4(0xffffffff8a02410f) t5(0xffffffff9e3779b9) >
[.] R=0x143538b6

0x32f: <add t1(0x3e476cf4) t4(0x143538b6) >
[.] R=0x527ca5aa

0x330: <mov t4(0x143538b6) t2(0x2410f8a0) >
0x331: <rol t4(0x2410f8a0) t3(0x14) >
0x332: <rol t4(0xffffffff8a02410f) 0x3 >
0x333: <ldw t5(0xffffffff9e3779b9) 0x0 >
0x335: <xor t4(0x5012087c) t5(0xffffffffb7e15163) >
[.] R=0xffffffffe7f3591f

0x336: <xor t1(0x527ca5aa) t4(0xffffffffe7f3591f) >
[.] R=0xffffffffb58ffcb5

0x337: <rol t1(0xffffffffb58ffcb5) t3(0x14) >
0x338: <mov t4(0xffffffffe7f3591f) t2(0x2410f8a0) >
0x339: <ldw t5(0xffffffffb7e15163) 0x0 >
0x33b: <xor t4(0x2410f8a0) t5(0x156af10a) >
[.] R=0x317a09aa

0x33c: <mul t1(0xffffffffcb5b58ff) t4(0x317a09aa) >
[.] R=0x79501056

0x33d: <add t3(0x14) 0x1 >
[.] R=0x15

0x33e: <cmp t3(0x15) 0x1f >
0x33f: <ldw t6(0x32a) 0x0 >
0x341: <jz t6(0x345) smaller(0x1) >
0x342: <ldw t6(0x345) 0x0 >
0x344: <jmp t6(0x32a) 0x0 >
0x32a: <mov t4(0x317a09aa) t2(0x2410f8a0) >
0x32b: <rol t4(0x2410f8a0) t3(0x15) >
0x32c: <ldw t5(0x156af10a) 0x0 >
0x32e: <xor t4(0x1404821f) t5(0xffffffff9e3779b9) >
[.] R=0xffffffff8a33fba6

0x32f: <add t1(0x79501056) t4(0xffffffff8a33fba6) >
[.] R=0x3840bfc

0x330: <mov t4(0xffffffff8a33fba6) t2(0x2410f8a0) >
0x331: <rol t4(0x2410f8a0) t3(0x15) >
0x332: <rol t4(0x1404821f) 0x3 >
0x333: <ldw t5(0xffffffff9e3779b9) 0x0 >
0x335: <xor t4(0xffffffffa02410f8) t5(0xffffffffb7e15163) >
[.] R=0x17c5419b

0x336: <xor t1(0x3840bfc) t4(0x17c5419b) >
[.] R=0x14414a67

0x337: <rol t1(0x14414a67) t3(0x15) >
0x338: <mov t4(0x17c5419b) t2(0x2410f8a0) >
0x339: <ldw t5(0xffffffffb7e15163) 0x0 >
0x33b: <xor t4(0x2410f8a0) t5(0x156af10a) >
[.] R=0x317a09aa

0x33c: <mul t1(0x4ce28829) t4(0x317a09aa) >
[.] R=0xffffffffc1c1dc3a

0x33d: <add t3(0x15) 0x1 >
[.] R=0x16

0x33e: <cmp t3(0x16) 0x1f >
0x33f: <ldw t6(0x32a) 0x0 >
0x341: <jz t6(0x345) smaller(0x1) >
0x342: <ldw t6(0x345) 0x0 >
0x344: <jmp t6(0x32a) 0x0 >
0x32a: <mov t4(0x317a09aa) t2(0x2410f8a0) >
0x32b: <rol t4(0x2410f8a0) t3(0x16) >
0x32c: <ldw t5(0x156af10a) 0x0 >
0x32e: <xor t4(0x2809043e) t5(0xffffffff9e3779b9) >
[.] R=0xffffffffb63e7d87

0x32f: <add t1(0xffffffffc1c1dc3a) t4(0xffffffffb63e7d87) >
[.] R=0x780059c1

0x330: <mov t4(0xffffffffb63e7d87) t2(0x2410f8a0) >
0x331: <rol t4(0x2410f8a0) t3(0x16) >
0x332: <rol t4(0x2809043e) 0x3 >
0x333: <ldw t5(0xffffffff9e3779b9) 0x0 >
0x335: <xor t4(0x404821f1) t5(0xffffffffb7e15163) >
[.] R=0xfffffffff7a97092

0x336: <xor t1(0x780059c1) t4(0xfffffffff7a97092) >
[.] R=0xffffffff8fa92953

0x337: <rol t1(0xffffffff8fa92953) t3(0x16) >
0x338: <mov t4(0xfffffffff7a97092) t2(0x2410f8a0) >
0x339: <ldw t5(0xffffffffb7e15163) 0x0 >
0x33b: <xor t4(0x2410f8a0) t5(0x156af10a) >
[.] R=0x317a09aa

0x33c: <mul t1(0x54e3ea4a) t4(0x317a09aa) >
[.] R=0x33da2f24

0x33d: <add t3(0x16) 0x1 >
[.] R=0x17

0x33e: <cmp t3(0x17) 0x1f >
0x33f: <ldw t6(0x32a) 0x0 >
0x341: <jz t6(0x345) smaller(0x1) >
0x342: <ldw t6(0x345) 0x0 >
0x344: <jmp t6(0x32a) 0x0 >
0x32a: <mov t4(0x317a09aa) t2(0x2410f8a0) >
0x32b: <rol t4(0x2410f8a0) t3(0x17) >
0x32c: <ldw t5(0x156af10a) 0x0 >
0x32e: <xor t4(0x5012087c) t5(0xffffffff9e3779b9) >
[.] R=0xffffffffce2571c5

0x32f: <add t1(0x33da2f24) t4(0xffffffffce2571c5) >
[.] R=0x1ffa0e9

0x330: <mov t4(0xffffffffce2571c5) t2(0x2410f8a0) >
0x331: <rol t4(0x2410f8a0) t3(0x17) >
0x332: <rol t4(0x5012087c) 0x3 >
0x333: <ldw t5(0xffffffff9e3779b9) 0x0 >
0x335: <xor t4(0xffffffff809043e2) t5(0xffffffffb7e15163) >
[.] R=0x37711281

0x336: <xor t1(0x1ffa0e9) t4(0x37711281) >
[.] R=0x368eb268

0x337: <rol t1(0x368eb268) t3(0x17) >
0x338: <mov t4(0x37711281) t2(0x2410f8a0) >
0x339: <ldw t5(0xffffffffb7e15163) 0x0 >
0x33b: <xor t4(0x2410f8a0) t5(0x156af10a) >
[.] R=0x317a09aa

0x33c: <mul t1(0x341b4759) t4(0x317a09aa) >
[.] R=0xffffffff9909821a

0x33d: <add t3(0x17) 0x1 >
[.] R=0x18

0x33e: <cmp t3(0x18) 0x1f >
0x33f: <ldw t6(0x32a) 0x0 >
0x341: <jz t6(0x345) smaller(0x1) >
0x342: <ldw t6(0x345) 0x0 >
0x344: <jmp t6(0x32a) 0x0 >
0x32a: <mov t4(0x317a09aa) t2(0x2410f8a0) >
0x32b: <rol t4(0x2410f8a0) t3(0x18) >
0x32c: <ldw t5(0x156af10a) 0x0 >
0x32e: <xor t4(0xffffffffa02410f8) t5(0xffffffff9e3779b9) >
[.] R=0x3e136941

0x32f: <add t1(0xffffffff9909821a) t4(0x3e136941) >
[.] R=0xffffffffd71ceb5b

0x330: <mov t4(0x3e136941) t2(0x2410f8a0) >
0x331: <rol t4(0x2410f8a0) t3(0x18) >
0x332: <rol t4(0xffffffffa02410f8) 0x3 >
0x333: <ldw t5(0xffffffff9e3779b9) 0x0 >
0x335: <xor t4(0x12087c5) t5(0xffffffffb7e15163) >
[.] R=0xffffffffb6c1d6a6

0x336: <xor t1(0xffffffffd71ceb5b) t4(0xffffffffb6c1d6a6) >
[.] R=0x61dd3dfd

0x337: <rol t1(0x61dd3dfd) t3(0x18) >
0x338: <mov t4(0xffffffffb6c1d6a6) t2(0x2410f8a0) >
0x339: <ldw t5(0xffffffffb7e15163) 0x0 >
0x33b: <xor t4(0x2410f8a0) t5(0x156af10a) >
[.] R=0x317a09aa

0x33c: <mul t1(0xfffffffffd61dd3d) t4(0x317a09aa) >
[.] R=0xffffffffcfd60f82

0x33d: <add t3(0x18) 0x1 >
[.] R=0x19

0x33e: <cmp t3(0x19) 0x1f >
0x33f: <ldw t6(0x32a) 0x0 >
0x341: <jz t6(0x345) smaller(0x1) >
0x342: <ldw t6(0x345) 0x0 >
0x344: <jmp t6(0x32a) 0x0 >
0x32a: <mov t4(0x317a09aa) t2(0x2410f8a0) >
0x32b: <rol t4(0x2410f8a0) t3(0x19) >
0x32c: <ldw t5(0x156af10a) 0x0 >
0x32e: <xor t4(0x404821f1) t5(0xffffffff9e3779b9) >
[.] R=0xffffffffde7f5848

0x32f: <add t1(0xffffffffcfd60f82) t4(0xffffffffde7f5848) >
[.] R=0xffffffffae5567ca

0x330: <mov t4(0xffffffffde7f5848) t2(0x2410f8a0) >
0x331: <rol t4(0x2410f8a0) t3(0x19) >
0x332: <rol t4(0x404821f1) 0x3 >
0x333: <ldw t5(0xffffffff9e3779b9) 0x0 >
0x335: <xor t4(0x2410f8a) t5(0xffffffffb7e15163) >
[.] R=0xffffffffb5a05ee9

0x336: <xor t1(0xffffffffae5567ca) t4(0xffffffffb5a05ee9) >
[.] R=0x1bf53923

0x337: <rol t1(0x1bf53923) t3(0x19) >
0x338: <mov t4(0xffffffffb5a05ee9) t2(0x2410f8a0) >
0x339: <ldw t5(0xffffffffb7e15163) 0x0 >
0x33b: <xor t4(0x2410f8a0) t5(0x156af10a) >
[.] R=0x317a09aa

0x33c: <mul t1(0x4637ea72) t4(0x317a09aa) >
[.] R=0x24b3b1b4

0x33d: <add t3(0x19) 0x1 >
[.] R=0x1a

0x33e: <cmp t3(0x1a) 0x1f >
0x33f: <ldw t6(0x32a) 0x0 >
0x341: <jz t6(0x345) smaller(0x1) >
0x342: <ldw t6(0x345) 0x0 >
0x344: <jmp t6(0x32a) 0x0 >
0x32a: <mov t4(0x317a09aa) t2(0x2410f8a0) >
0x32b: <rol t4(0x2410f8a0) t3(0x1a) >
0x32c: <ldw t5(0x156af10a) 0x0 >
0x32e: <xor t4(0xffffffff809043e2) t5(0xffffffff9e3779b9) >
[.] R=0x1ea73a5b

0x32f: <add t1(0x24b3b1b4) t4(0x1ea73a5b) >
[.] R=0x435aec0f

0x330: <mov t4(0x1ea73a5b) t2(0x2410f8a0) >
0x331: <rol t4(0x2410f8a0) t3(0x1a) >
0x332: <rol t4(0xffffffff809043e2) 0x3 >
0x333: <ldw t5(0xffffffff9e3779b9) 0x0 >
0x335: <xor t4(0x4821f14) t5(0xffffffffb7e15163) >
[.] R=0xffffffffb3634e77

0x336: <xor t1(0x435aec0f) t4(0xffffffffb3634e77) >
[.] R=0xfffffffff039a278

0x337: <rol t1(0xfffffffff039a278) t3(0x1a) >
0x338: <mov t4(0xffffffffb3634e77) t2(0x2410f8a0) >
0x339: <ldw t5(0xffffffffb7e15163) 0x0 >
0x33b: <xor t4(0x2410f8a0) t5(0x156af10a) >
[.] R=0x317a09aa

0x33c: <mul t1(0xffffffffe3c0e689) t4(0x317a09aa) >
[.] R=0x1c7de7fa

0x33d: <add t3(0x1a) 0x1 >
[.] R=0x1b

0x33e: <cmp t3(0x1b) 0x1f >
0x33f: <ldw t6(0x32a) 0x0 >
0x341: <jz t6(0x345) smaller(0x1) >
0x342: <ldw t6(0x345) 0x0 >
0x344: <jmp t6(0x32a) 0x0 >
0x32a: <mov t4(0x317a09aa) t2(0x2410f8a0) >
0x32b: <rol t4(0x2410f8a0) t3(0x1b) >
0x32c: <ldw t5(0x156af10a) 0x0 >
0x32e: <xor t4(0x12087c5) t5(0xffffffff9e3779b9) >
[.] R=0xffffffff9f17fe7c

0x32f: <add t1(0x1c7de7fa) t4(0xffffffff9f17fe7c) >
[.] R=0xffffffffbb95e676

0x330: <mov t4(0xffffffff9f17fe7c) t2(0x2410f8a0) >
0x331: <rol t4(0x2410f8a0) t3(0x1b) >
0x332: <rol t4(0x12087c5) 0x3 >
0x333: <ldw t5(0xffffffff9e3779b9) 0x0 >
0x335: <xor t4(0x9043e28) t5(0xffffffffb7e15163) >
[.] R=0xffffffffbee56f4b

0x336: <xor t1(0xffffffffbb95e676) t4(0xffffffffbee56f4b) >
[.] R=0x570893d

0x337: <rol t1(0x570893d) t3(0x1b) >
0x338: <mov t4(0xffffffffbee56f4b) t2(0x2410f8a0) >
0x339: <ldw t5(0xffffffffb7e15163) 0x0 >
0x33b: <xor t4(0x2410f8a0) t5(0x156af10a) >
[.] R=0x317a09aa

0x33c: <mul t1(0xffffffffe82b8449) t4(0x317a09aa) >
[.] R=0xffffffffb856697a

0x33d: <add t3(0x1b) 0x1 >
[.] R=0x1c

0x33e: <cmp t3(0x1c) 0x1f >
0x33f: <ldw t6(0x32a) 0x0 >
0x341: <jz t6(0x345) smaller(0x1) >
0x342: <ldw t6(0x345) 0x0 >
0x344: <jmp t6(0x32a) 0x0 >
0x32a: <mov t4(0x317a09aa) t2(0x2410f8a0) >
0x32b: <rol t4(0x2410f8a0) t3(0x1c) >
0x32c: <ldw t5(0x156af10a) 0x0 >
0x32e: <xor t4(0x2410f8a) t5(0xffffffff9e3779b9) >
[.] R=0xffffffff9c767633

0x32f: <add t1(0xffffffffb856697a) t4(0xffffffff9c767633) >
[.] R=0x54ccdfad

0x330: <mov t4(0xffffffff9c767633) t2(0x2410f8a0) >
0x331: <rol t4(0x2410f8a0) t3(0x1c) >
0x332: <rol t4(0x2410f8a) 0x3 >
0x333: <ldw t5(0xffffffff9e3779b9) 0x0 >
0x335: <xor t4(0x12087c50) t5(0xffffffffb7e15163) >
[.] R=0xffffffffa5e92d33

0x336: <xor t1(0x54ccdfad) t4(0xffffffffa5e92d33) >
[.] R=0xfffffffff125f29e

0x337: <rol t1(0xfffffffff125f29e) t3(0x1c) >
0x338: <mov t4(0xffffffffa5e92d33) t2(0x2410f8a0) >
0x339: <ldw t5(0xffffffffb7e15163) 0x0 >
0x33b: <xor t4(0x2410f8a0) t5(0x156af10a) >
[.] R=0x317a09aa

0x33c: <mul t1(0xffffffffef125f29) t4(0x317a09aa) >
[.] R=0xffffffff9a15a23a

0x33d: <add t3(0x1c) 0x1 >
[.] R=0x1d

0x33e: <cmp t3(0x1d) 0x1f >
0x33f: <ldw t6(0x32a) 0x0 >
0x341: <jz t6(0x345) smaller(0x1) >
0x342: <ldw t6(0x345) 0x0 >
0x344: <jmp t6(0x32a) 0x0 >
0x32a: <mov t4(0x317a09aa) t2(0x2410f8a0) >
0x32b: <rol t4(0x2410f8a0) t3(0x1d) >
0x32c: <ldw t5(0x156af10a) 0x0 >
0x32e: <xor t4(0x4821f14) t5(0xffffffff9e3779b9) >
[.] R=0xffffffff9ab566ad

0x32f: <add t1(0xffffffff9a15a23a) t4(0xffffffff9ab566ad) >
[.] R=0x34cb08e7

0x330: <mov t4(0xffffffff9ab566ad) t2(0x2410f8a0) >
0x331: <rol t4(0x2410f8a0) t3(0x1d) >
0x332: <rol t4(0x4821f14) 0x3 >
0x333: <ldw t5(0xffffffff9e3779b9) 0x0 >
0x335: <xor t4(0x2410f8a0) t5(0xffffffffb7e15163) >
[.] R=0xffffffff93f1a9c3

0x336: <xor t1(0x34cb08e7) t4(0xffffffff93f1a9c3) >
[.] R=0xffffffffa73aa124

0x337: <rol t1(0xffffffffa73aa124) t3(0x1d) >
0x338: <mov t4(0xffffffff93f1a9c3) t2(0x2410f8a0) >
0x339: <ldw t5(0xffffffffb7e15163) 0x0 >
0x33b: <xor t4(0x2410f8a0) t5(0x156af10a) >
[.] R=0x317a09aa

0x33c: <mul t1(0xffffffff94e75424) t4(0x317a09aa) >
[.] R=0xbb23e8

0x33d: <add t3(0x1d) 0x1 >
[.] R=0x1e

0x33e: <cmp t3(0x1e) 0x1f >
0x33f: <ldw t6(0x32a) 0x0 >
0x341: <jz t6(0x345) smaller(0x1) >
0x342: <ldw t6(0x345) 0x0 >
0x344: <jmp t6(0x32a) 0x0 >
0x32a: <mov t4(0x317a09aa) t2(0x2410f8a0) >
0x32b: <rol t4(0x2410f8a0) t3(0x1e) >
0x32c: <ldw t5(0x156af10a) 0x0 >
0x32e: <xor t4(0x9043e28) t5(0xffffffff9e3779b9) >
[.] R=0xffffffff97334791

0x32f: <add t1(0xbb23e8) t4(0xffffffff97334791) >
[.] R=0xffffffff97ee6b79

0x330: <mov t4(0xffffffff97334791) t2(0x2410f8a0) >
0x331: <rol t4(0x2410f8a0) t3(0x1e) >
0x332: <rol t4(0x9043e28) 0x3 >
0x333: <ldw t5(0xffffffff9e3779b9) 0x0 >
0x335: <xor t4(0x4821f140) t5(0xffffffffb7e15163) >
[.] R=0xffffffffffc0a023

0x336: <xor t1(0xffffffff97ee6b79) t4(0xffffffffffc0a023) >
[.] R=0x682ecb5a

0x337: <rol t1(0x682ecb5a) t3(0x1e) >
0x338: <mov t4(0xffffffffffc0a023) t2(0x2410f8a0) >
0x339: <ldw t5(0xffffffffb7e15163) 0x0 >
0x33b: <xor t4(0x2410f8a0) t5(0x156af10a) >
[.] R=0x317a09aa

0x33c: <mul t1(0xffffffff9a0bb2d6) t4(0x317a09aa) >
[.] R=0xffffffffe50a481c

0x33d: <add t3(0x1e) 0x1 >
[.] R=0x1f

0x33e: <cmp t3(0x1f) 0x1f >
0x33f: <ldw t6(0x32a) 0x0 >
0x341: <jz t6(0x345) smaller(0x0) >
0x345: <mov t5(0x156af10a) [t7(0x1868)](0x323) >
0x346: <mov [t7(0x1868)](0x323) 0x0 >
0x347: <sub t7(0x1868) 0x1 >
[.] R=0x1867

0x348: <mov t4(0x317a09aa) [t7(0x1867)](0x5) >
0x349: <mov [t7(0x1867)](0x5) 0x0 >
0x34a: <sub t7(0x1867) 0x1 >
[.] R=0x1866

0x34b: <mov t3(0x1f) [t7(0x1866)](0x9e3) >
0x34c: <mov [t7(0x1866)](0x9e3) 0x0 >
0x34d: <sub t7(0x1866) 0x1 >
[.] R=0x1865

0x34e: <mov t6(0x345) [t7(0x1865)](0x3d1) >
0x34f: <mov [t7(0x1865)](0x3d1) 0x0 >
0x350: <sub t7(0x1865) 0x1 >
[.] R=0x1864

0x351: <jmp t6(0x3d1) 0x0 >
0x3d1: <mov t0(0x2410f8a0) t1(0xffffffffe50a481c) >
0x3d2: <sys 0x4 0x1 >
writingw:  -452311012
0x3d3: <ldw t1(0xffffffffe50a481c) 0x0 >
0x3d5: <xor t0(0xffffffffe50a481c) t1(0xffffffffa7f7e284) >
[.] R=0x42fdaa98

0x3d6: <mul t0(0x42fdaa98) t0(0x42fdaa98) >
[.] R=0x21e3a40

0x3d7: <ldw t1(0xffffffffa7f7e284) 0x0 >
0x3d9: <add t0(0x21e3a40) t1(0xffffffffa82d3274) >
[.] R=0xffffffffaa4b6cb4

0x3da: <mov t2(0x2410f8a0) t0(0xffffffffaa4b6cb4) >
0x3db: <sys 0x3 0x0 >
read num: 1 , v= 0x11223344
0x3dc: <cmp t0(0x11223344) t2(0xffffffffaa4b6cb4) >
0x3dd: <ldw t6(0x3d1) 0x0 >
0x3df: <jnz t6(0x408) eq(0x0) >
0x3e0: <mov t1(0x1) t2(0xffffffffaa4b6cb4) >
0x3e1: <ldw t5(0x323) 0x0 >
0x3e3: <mov t6(0x408) ip(0x3e3) >
0x3e4: <add t6(0x3e3) 0x5 >
[.] R=0x3e8

0x3e5: <add t7(0x1864) 0x1 >
[.] R=0x1865

0x3e6: <mov [t7(0x1865)](0x0) t6(0x3e8) >
0x3e7: <jmp t5(0x88) 0x0 >
0x88: <add t7(0x1865) 0x1 >
[.] R=0x1866

0x89: <mov [t7(0x1866)](0x0) t0(0x11223344) >
0x8a: <add t7(0x1866) 0x1 >
[.] R=0x1867

0x8b: <mov [t7(0x1867)](0x0) t1(0xffffffffaa4b6cb4) >
0x8c: <add t7(0x1867) 0x1 >
[.] R=0x1868

0x8d: <mov [t7(0x1868)](0x0) t3(0x9e3) >
0x8e: <add t7(0x1868) 0x1 >
[.] R=0x1869

0x8f: <mov [t7(0x1869)](0x0) t2(0xffffffffaa4b6cb4) >
0x90: <mov t3(0x9e3) 0x0 >
0x91: <ldw t2(0xffffffffaa4b6cb4) 0x0 >
0x93: <cmp t1(0xffffffffaa4b6cb4) 0x0 >
0x94: <ldw t6(0x3e8) 0x0 >
0x96: <jz t6(0xa1) smaller(0x1) >
0x97: <mov t3(0x0) 0x1 >
0x98: <add t7(0x1869) 0x1 >
[.] R=0x186a

0x99: <mov [t7(0x186a)](0x0) t3(0x1) >
0x9a: <mov t3(0x1) 0x0 >
0x9b: <sub t3(0x0) t1(0xffffffffaa4b6cb4) >
[.] R=0x55b4934c

0x9c: <mov t1(0xffffffffaa4b6cb4) t3(0x55b4934c) >
0x9d: <mov t3(0x55b4934c) [t7(0x186a)](0x1) >
0x9e: <mov [t7(0x186a)](0x1) 0x0 >
0x9f: <sub t7(0x186a) 0x1 >
[.] R=0x1869

0xa0: <add t2(0xc6) 0x1 >
[.] R=0xc7

0xa1: <ldw t5(0x88) 0x0 >
0xa3: <mov t6(0xa1) ip(0xa3) >
0xa4: <add t6(0xa3) 0x5 >
[.] R=0xa8

0xa5: <add t7(0x1869) 0x1 >
[.] R=0x186a

0xa6: <mov [t7(0x186a)](0x0) t6(0xa8) >
0xa7: <jmp t5(0xf6) 0x0 >
0xf6: <add t7(0x186a) 0x1 >
[.] R=0x186b

0xf7: <mov [t7(0x186b)](0x0) t0(0x11223344) >
0xf8: <add t7(0x186b) 0x1 >
[.] R=0x186c

0xf9: <mov [t7(0x186c)](0x0) t1(0x55b4934c) >
0xfa: <add t7(0x186c) 0x1 >
[.] R=0x186d

0xfb: <mov [t7(0x186d)](0x0) t2(0xc7) >
0xfc: <add t7(0x186d) 0x1 >
[.] R=0x186e

0xfd: <mov [t7(0x186e)](0x0) t3(0x1) >
0xfe: <add t7(0x186e) 0x1 >
[.] R=0x186f

0xff: <mov [t7(0x186f)](0x0) t1(0x55b4934c) >
0x100: <ldw t5(0xf6) 0x0 >
0x102: <mov t6(0xa8) ip(0x102) >
0x103: <add t6(0x102) 0x5 >
[.] R=0x107

0x104: <add t7(0x186f) 0x1 >
[.] R=0x1870

0x105: <mov [t7(0x1870)](0x0) t6(0x107) >
0x106: <jmp t5(0xd6) 0x0 >
0xd6: <add t7(0x1870) 0x1 >
[.] R=0x1871

0xd7: <mov [t7(0x1871)](0x0) t2(0xc7) >
0xd8: <mov t2(0xc7) 0x0 >
0xd9: <cmp t1(0x55b4934c) 0x0 >
0xda: <ldw t6(0x107) 0x0 >
0xdc: <jz t6(0xe6) smaller(0x0) >
0xe6: <div t1(0x55b4934c) 0xa >
0xe7: <add t2(0x0) 0x1 >
[.] R=0x1

0xe8: <ldw t6(0xe6) 0x0 >
0xea: <jz t6(0xee) t1(0x8920eba) >
0xeb: <ldw t6(0xee) 0x0 >
0xed: <jmp t6(0xe6) 0x0 >
0xe6: <div t1(0x8920eba) 0xa >
0xe7: <add t2(0x1) 0x1 >
[.] R=0x2

0xe8: <ldw t6(0xe6) 0x0 >
0xea: <jz t6(0xee) t1(0xdb67df) >
0xeb: <ldw t6(0xee) 0x0 >
0xed: <jmp t6(0xe6) 0x0 >
0xe6: <div t1(0xdb67df) 0xa >
0xe7: <add t2(0x2) 0x1 >
[.] R=0x3

0xe8: <ldw t6(0xe6) 0x0 >
0xea: <jz t6(0xee) t1(0x15f0c9) >
0xeb: <ldw t6(0xee) 0x0 >
0xed: <jmp t6(0xe6) 0x0 >
0xe6: <div t1(0x15f0c9) 0xa >
0xe7: <add t2(0x3) 0x1 >
[.] R=0x4

0xe8: <ldw t6(0xe6) 0x0 >
0xea: <jz t6(0xee) t1(0x231ad) >
0xeb: <ldw t6(0xee) 0x0 >
0xed: <jmp t6(0xe6) 0x0 >
0xe6: <div t1(0x231ad) 0xa >
0xe7: <add t2(0x4) 0x1 >
[.] R=0x5

0xe8: <ldw t6(0xe6) 0x0 >
0xea: <jz t6(0xee) t1(0x382a) >
0xeb: <ldw t6(0xee) 0x0 >
0xed: <jmp t6(0xe6) 0x0 >
0xe6: <div t1(0x382a) 0xa >
0xe7: <add t2(0x5) 0x1 >
[.] R=0x6

0xe8: <ldw t6(0xe6) 0x0 >
0xea: <jz t6(0xee) t1(0x59d) >
0xeb: <ldw t6(0xee) 0x0 >
0xed: <jmp t6(0xe6) 0x0 >
0xe6: <div t1(0x59d) 0xa >
0xe7: <add t2(0x6) 0x1 >
[.] R=0x7

0xe8: <ldw t6(0xe6) 0x0 >
0xea: <jz t6(0xee) t1(0x8f) >
0xeb: <ldw t6(0xee) 0x0 >
0xed: <jmp t6(0xe6) 0x0 >
0xe6: <div t1(0x8f) 0xa >
0xe7: <add t2(0x7) 0x1 >
[.] R=0x8

0xe8: <ldw t6(0xe6) 0x0 >
0xea: <jz t6(0xee) t1(0xe) >
0xeb: <ldw t6(0xee) 0x0 >
0xed: <jmp t6(0xe6) 0x0 >
0xe6: <div t1(0xe) 0xa >
0xe7: <add t2(0x8) 0x1 >
[.] R=0x9

0xe8: <ldw t6(0xe6) 0x0 >
0xea: <jz t6(0xee) t1(0x1) >
0xeb: <ldw t6(0xee) 0x0 >
0xed: <jmp t6(0xe6) 0x0 >
0xe6: <div t1(0x1) 0xa >
0xe7: <add t2(0x9) 0x1 >
[.] R=0xa

0xe8: <ldw t6(0xe6) 0x0 >
0xea: <jz t6(0xee) t1(0x0) >
0xee: <mov t1(0x0) t2(0xa) >
0xef: <mov t2(0xa) [t7(0x1871)](0xc7) >
0xf0: <mov [t7(0x1871)](0xc7) 0x0 >
0xf1: <sub t7(0x1871) 0x1 >
[.] R=0x1870

0xf2: <mov t6(0xee) [t7(0x1870)](0x107) >
0xf3: <mov [t7(0x1870)](0x107) 0x0 >
0xf4: <sub t7(0x1870) 0x1 >
[.] R=0x186f

0xf5: <jmp t6(0x107) 0x0 >
0x107: <add t2(0xc7) t1(0xa) >
[.] R=0xd1

0x108: <mov [t2(0xd1)](0x0) 0x0 >
0x109: <sub t2(0xd1) 0x1 >
[.] R=0xd0

0x10a: <mov t1(0xa) [t7(0x186f)](0x55b4934c) >
0x10b: <mov [t7(0x186f)](0x55b4934c) 0x0 >
0x10c: <sub t7(0x186f) 0x1 >
[.] R=0x186e

0x10d: <mov t3(0x1) t1(0x55b4934c) >
0x10e: <mod t3(0x55b4934c) 0xa >
0x10f: <add t3(0x8) 0x30 >
[.] R=0x38

0x110: <mov [t2(0xd0)](0x36) t3(0x38) >
0x111: <sub t2(0xd0) 0x1 >
[.] R=0xcf

0x112: <div t1(0x55b4934c) 0xa >
0x113: <ldw t6(0x107) 0x0 >
0x115: <jz t6(0x119) t1(0x8920eba) >
0x116: <ldw t6(0x119) 0x0 >
0x118: <jmp t6(0x10d) 0x0 >
0x10d: <mov t3(0x38) t1(0x8920eba) >
0x10e: <mod t3(0x8920eba) 0xa >
0x10f: <add t3(0x4) 0x30 >
[.] R=0x34

0x110: <mov [t2(0xcf)](0x39) t3(0x34) >
0x111: <sub t2(0xcf) 0x1 >
[.] R=0xce

0x112: <div t1(0x8920eba) 0xa >
0x113: <ldw t6(0x10d) 0x0 >
0x115: <jz t6(0x119) t1(0xdb67df) >
0x116: <ldw t6(0x119) 0x0 >
0x118: <jmp t6(0x10d) 0x0 >
0x10d: <mov t3(0x34) t1(0xdb67df) >
0x10e: <mod t3(0xdb67df) 0xa >
0x10f: <add t3(0x5) 0x30 >
[.] R=0x35

0x110: <mov [t2(0xce)](0x32) t3(0x35) >
0x111: <sub t2(0xce) 0x1 >
[.] R=0xcd

0x112: <div t1(0xdb67df) 0xa >
0x113: <ldw t6(0x10d) 0x0 >
0x115: <jz t6(0x119) t1(0x15f0c9) >
0x116: <ldw t6(0x119) 0x0 >
0x118: <jmp t6(0x10d) 0x0 >
0x10d: <mov t3(0x35) t1(0x15f0c9) >
0x10e: <mod t3(0x15f0c9) 0xa >
0x10f: <add t3(0x7) 0x30 >
[.] R=0x37

0x110: <mov [t2(0xcd)](0x37) t3(0x37) >
0x111: <sub t2(0xcd) 0x1 >
[.] R=0xcc

0x112: <div t1(0x15f0c9) 0xa >
0x113: <ldw t6(0x10d) 0x0 >
0x115: <jz t6(0x119) t1(0x231ad) >
0x116: <ldw t6(0x119) 0x0 >
0x118: <jmp t6(0x10d) 0x0 >
0x10d: <mov t3(0x37) t1(0x231ad) >
0x10e: <mod t3(0x231ad) 0xa >
0x10f: <add t3(0x9) 0x30 >
[.] R=0x39

0x110: <mov [t2(0xcc)](0x36) t3(0x39) >
0x111: <sub t2(0xcc) 0x1 >
[.] R=0xcb

0x112: <div t1(0x231ad) 0xa >
0x113: <ldw t6(0x10d) 0x0 >
0x115: <jz t6(0x119) t1(0x382a) >
0x116: <ldw t6(0x119) 0x0 >
0x118: <jmp t6(0x10d) 0x0 >
0x10d: <mov t3(0x39) t1(0x382a) >
0x10e: <mod t3(0x382a) 0xa >
0x10f: <add t3(0x8) 0x30 >
[.] R=0x38

0x110: <mov [t2(0xcb)](0x39) t3(0x38) >
0x111: <sub t2(0xcb) 0x1 >
[.] R=0xca

0x112: <div t1(0x382a) 0xa >
0x113: <ldw t6(0x10d) 0x0 >
0x115: <jz t6(0x119) t1(0x59d) >
0x116: <ldw t6(0x119) 0x0 >
0x118: <jmp t6(0x10d) 0x0 >
0x10d: <mov t3(0x38) t1(0x59d) >
0x10e: <mod t3(0x59d) 0xa >
0x10f: <add t3(0x7) 0x30 >
[.] R=0x37

0x110: <mov [t2(0xca)](0x34) t3(0x37) >
0x111: <sub t2(0xca) 0x1 >
[.] R=0xc9

0x112: <div t1(0x59d) 0xa >
0x113: <ldw t6(0x10d) 0x0 >
0x115: <jz t6(0x119) t1(0x8f) >
0x116: <ldw t6(0x119) 0x0 >
0x118: <jmp t6(0x10d) 0x0 >
0x10d: <mov t3(0x37) t1(0x8f) >
0x10e: <mod t3(0x8f) 0xa >
0x10f: <add t3(0x3) 0x30 >
[.] R=0x33

0x110: <mov [t2(0xc9)](0x39) t3(0x33) >
0x111: <sub t2(0xc9) 0x1 >
[.] R=0xc8

0x112: <div t1(0x8f) 0xa >
0x113: <ldw t6(0x10d) 0x0 >
0x115: <jz t6(0x119) t1(0xe) >
0x116: <ldw t6(0x119) 0x0 >
0x118: <jmp t6(0x10d) 0x0 >
0x10d: <mov t3(0x33) t1(0xe) >
0x10e: <mod t3(0xe) 0xa >
0x10f: <add t3(0x4) 0x30 >
[.] R=0x34

0x110: <mov [t2(0xc8)](0x32) t3(0x34) >
0x111: <sub t2(0xc8) 0x1 >
[.] R=0xc7

0x112: <div t1(0xe) 0xa >
0x113: <ldw t6(0x10d) 0x0 >
0x115: <jz t6(0x119) t1(0x1) >
0x116: <ldw t6(0x119) 0x0 >
0x118: <jmp t6(0x10d) 0x0 >
0x10d: <mov t3(0x34) t1(0x1) >
0x10e: <mod t3(0x1) 0xa >
0x10f: <add t3(0x1) 0x30 >
[.] R=0x31

0x110: <mov [t2(0xc7)](0x34) t3(0x31) >
0x111: <sub t2(0xc7) 0x1 >
[.] R=0xc6

0x112: <div t1(0x1) 0xa >
0x113: <ldw t6(0x10d) 0x0 >
0x115: <jz t6(0x119) t1(0x0) >
0x119: <mov t3(0x31) [t7(0x186e)](0x1) >
0x11a: <mov [t7(0x186e)](0x1) 0x0 >
0x11b: <sub t7(0x186e) 0x1 >
[.] R=0x186d

0x11c: <mov t2(0xc6) [t7(0x186d)](0xc7) >
0x11d: <mov [t7(0x186d)](0xc7) 0x0 >
0x11e: <sub t7(0x186d) 0x1 >
[.] R=0x186c

0x11f: <mov t1(0x0) [t7(0x186c)](0x55b4934c) >
0x120: <mov [t7(0x186c)](0x55b4934c) 0x0 >
0x121: <sub t7(0x186c) 0x1 >
[.] R=0x186b

0x122: <mov t0(0x11223344) [t7(0x186b)](0x11223344) >
0x123: <mov [t7(0x186b)](0x11223344) 0x0 >
0x124: <sub t7(0x186b) 0x1 >
[.] R=0x186a

0x125: <mov t6(0x119) [t7(0x186a)](0xa8) >
0x126: <mov [t7(0x186a)](0xa8) 0x0 >
0x127: <sub t7(0x186a) 0x1 >
[.] R=0x1869

0x128: <jmp t6(0xa8) 0x0 >
0xa8: <ldw t1(0x55b4934c) 0x0 >
0xaa: <cmp t3(0x1) 0x1 >
0xab: <ldw t6(0xa8) 0x0 >
0xad: <jz t6(0xaf) eq(0x1) >
0xae: <mov [t1(0xc6)](0x2d) 0x2d >
0xaf: <ldw t5(0xd6) 0x0 >
0xb1: <mov t6(0xaf) ip(0xb1) >
0xb2: <add t6(0xb1) 0x5 >
[.] R=0xb6

0xb3: <add t7(0x1869) 0x1 >
[.] R=0x186a

0xb4: <mov [t7(0x186a)](0x0) t6(0xb6) >
0xb5: <jmp t5(0x64) 0x0 >
0x64: <add t7(0x186a) 0x1 >
[.] R=0x186b

0x65: <mov [t7(0x186b)](0x0) t0(0x11223344) >
0x66: <ldw t5(0x64) 0x0 >
0x68: <mov t6(0xb6) ip(0x68) >
0x69: <add t6(0x68) 0x5 >
[.] R=0x6d

0x6a: <add t7(0x186b) 0x1 >
[.] R=0x186c

0x6b: <mov [t7(0x186c)](0x0) t6(0x6d) >
0x6c: <jmp t5(0x76) 0x0 >
0x76: <add t7(0x186c) 0x1 >
[.] R=0x186d

0x77: <mov [t7(0x186d)](0x0) t0(0x11223344) >
0x78: <mov t0(0x11223344) [t1(0xc6)](0x2d) >
0x79: <ldw t6(0x6d) 0x0 >
0x7b: <jz t6(0x81) t0(0x2d) >
0x7c: <sys 0x4 0x0 >
writingw:  45
0x7d: <add t1(0xc6) 0x1 >
[.] R=0xc7

0x7e: <ldw t6(0x81) 0x0 >
0x80: <jmp t6(0x78) 0x0 >
0x78: <mov t0(0x2d) [t1(0xc7)](0x31) >
0x79: <ldw t6(0x78) 0x0 >
0x7b: <jz t6(0x81) t0(0x31) >
0x7c: <sys 0x4 0x0 >
writingw:  49
0x7d: <add t1(0xc7) 0x1 >
[.] R=0xc8

0x7e: <ldw t6(0x81) 0x0 >
0x80: <jmp t6(0x78) 0x0 >
0x78: <mov t0(0x31) [t1(0xc8)](0x34) >
0x79: <ldw t6(0x78) 0x0 >
0x7b: <jz t6(0x81) t0(0x34) >
0x7c: <sys 0x4 0x0 >
writingw:  52
0x7d: <add t1(0xc8) 0x1 >
[.] R=0xc9

0x7e: <ldw t6(0x81) 0x0 >
0x80: <jmp t6(0x78) 0x0 >
0x78: <mov t0(0x34) [t1(0xc9)](0x33) >
0x79: <ldw t6(0x78) 0x0 >
0x7b: <jz t6(0x81) t0(0x33) >
0x7c: <sys 0x4 0x0 >
writingw:  51
0x7d: <add t1(0xc9) 0x1 >
[.] R=0xca

0x7e: <ldw t6(0x81) 0x0 >
0x80: <jmp t6(0x78) 0x0 >
0x78: <mov t0(0x33) [t1(0xca)](0x37) >
0x79: <ldw t6(0x78) 0x0 >
0x7b: <jz t6(0x81) t0(0x37) >
0x7c: <sys 0x4 0x0 >
writingw:  55
0x7d: <add t1(0xca) 0x1 >
[.] R=0xcb

0x7e: <ldw t6(0x81) 0x0 >
0x80: <jmp t6(0x78) 0x0 >
0x78: <mov t0(0x37) [t1(0xcb)](0x38) >
0x79: <ldw t6(0x78) 0x0 >
0x7b: <jz t6(0x81) t0(0x38) >
0x7c: <sys 0x4 0x0 >
writingw:  56
0x7d: <add t1(0xcb) 0x1 >
[.] R=0xcc

0x7e: <ldw t6(0x81) 0x0 >
0x80: <jmp t6(0x78) 0x0 >
0x78: <mov t0(0x38) [t1(0xcc)](0x39) >
0x79: <ldw t6(0x78) 0x0 >
0x7b: <jz t6(0x81) t0(0x39) >
0x7c: <sys 0x4 0x0 >
writingw:  57
0x7d: <add t1(0xcc) 0x1 >
[.] R=0xcd

0x7e: <ldw t6(0x81) 0x0 >
0x80: <jmp t6(0x78) 0x0 >
0x78: <mov t0(0x39) [t1(0xcd)](0x37) >
0x79: <ldw t6(0x78) 0x0 >
0x7b: <jz t6(0x81) t0(0x37) >
0x7c: <sys 0x4 0x0 >
writingw:  55
0x7d: <add t1(0xcd) 0x1 >
[.] R=0xce

0x7e: <ldw t6(0x81) 0x0 >
0x80: <jmp t6(0x78) 0x0 >
0x78: <mov t0(0x37) [t1(0xce)](0x35) >
0x79: <ldw t6(0x78) 0x0 >
0x7b: <jz t6(0x81) t0(0x35) >
0x7c: <sys 0x4 0x0 >
writingw:  53
0x7d: <add t1(0xce) 0x1 >
[.] R=0xcf

0x7e: <ldw t6(0x81) 0x0 >
0x80: <jmp t6(0x78) 0x0 >
0x78: <mov t0(0x35) [t1(0xcf)](0x34) >
0x79: <ldw t6(0x78) 0x0 >
0x7b: <jz t6(0x81) t0(0x34) >
0x7c: <sys 0x4 0x0 >
writingw:  52
0x7d: <add t1(0xcf) 0x1 >
[.] R=0xd0

0x7e: <ldw t6(0x81) 0x0 >
0x80: <jmp t6(0x78) 0x0 >
0x78: <mov t0(0x34) [t1(0xd0)](0x38) >
0x79: <ldw t6(0x78) 0x0 >
0x7b: <jz t6(0x81) t0(0x38) >
0x7c: <sys 0x4 0x0 >
writingw:  56
0x7d: <add t1(0xd0) 0x1 >
[.] R=0xd1

0x7e: <ldw t6(0x81) 0x0 >
0x80: <jmp t6(0x78) 0x0 >
0x78: <mov t0(0x38) [t1(0xd1)](0x0) >
0x79: <ldw t6(0x78) 0x0 >
0x7b: <jz t6(0x81) t0(0x0) >
0x81: <mov t0(0x0) [t7(0x186d)](0x11223344) >
0x82: <mov [t7(0x186d)](0x11223344) 0x0 >
0x83: <sub t7(0x186d) 0x1 >
[.] R=0x186c

0x84: <mov t6(0x81) [t7(0x186c)](0x6d) >
0x85: <mov [t7(0x186c)](0x6d) 0x0 >
0x86: <sub t7(0x186c) 0x1 >
[.] R=0x186b

0x87: <jmp t6(0x6d) 0x0 >
0x6d: <mov t0(0x11223344) 0xa >
0x6e: <sys 0x4 0x0 >
writingw:  10
0x6f: <mov t0(0xa) [t7(0x186b)](0x11223344) >
0x70: <mov [t7(0x186b)](0x11223344) 0x0 >
0x71: <sub t7(0x186b) 0x1 >
[.] R=0x186a

0x72: <mov t6(0x6d) [t7(0x186a)](0xb6) >
0x73: <mov [t7(0x186a)](0xb6) 0x0 >
0x74: <sub t7(0x186a) 0x1 >
[.] R=0x1869

0x75: <jmp t6(0xb6) 0x0 >
0xb6: <mov t2(0xc7) [t7(0x1869)](0xffffffffaa4b6cb4) >
0xb7: <mov [t7(0x1869)](0xffffffffaa4b6cb4) 0x0 >
0xb8: <sub t7(0x1869) 0x1 >
[.] R=0x1868

0xb9: <mov t3(0x1) [t7(0x1868)](0x9e3) >
0xba: <mov [t7(0x1868)](0x9e3) 0x0 >
0xbb: <sub t7(0x1868) 0x1 >
[.] R=0x1867

0xbc: <mov t1(0xd1) [t7(0x1867)](0xffffffffaa4b6cb4) >
0xbd: <mov [t7(0x1867)](0xffffffffaa4b6cb4) 0x0 >
0xbe: <sub t7(0x1867) 0x1 >
[.] R=0x1866

0xbf: <mov t0(0x11223344) [t7(0x1866)](0x11223344) >
0xc0: <mov [t7(0x1866)](0x11223344) 0x0 >
0xc1: <sub t7(0x1866) 0x1 >
[.] R=0x1865

0xc2: <mov t6(0xb6) [t7(0x1865)](0x3e8) >
0xc3: <mov [t7(0x1865)](0x3e8) 0x0 >
0xc4: <sub t7(0x1865) 0x1 >
[.] R=0x1864

0xc5: <jmp t6(0x3e8) 0x0 >
0x3e8: <ldw t1(0xffffffffaa4b6cb4) 0x0 >
0x3ea: <ldw t5(0x76) 0x0 >
0x3ec: <mov t6(0x3e8) ip(0x3ec) >
0x3ed: <add t6(0x3ec) 0x5 >
[.] R=0x3f1

0x3ee: <add t7(0x1864) 0x1 >
[.] R=0x1865

0x3ef: <mov [t7(0x1865)](0x0) t6(0x3f1) >
0x3f0: <jmp t5(0x64) 0x0 >
0x64: <add t7(0x1865) 0x1 >
[.] R=0x1866

0x65: <mov [t7(0x1866)](0x0) t0(0x11223344) >
0x66: <ldw t5(0x64) 0x0 >
0x68: <mov t6(0x3f1) ip(0x68) >
0x69: <add t6(0x68) 0x5 >
[.] R=0x6d

0x6a: <add t7(0x1866) 0x1 >
[.] R=0x1867

0x6b: <mov [t7(0x1867)](0x0) t6(0x6d) >
0x6c: <jmp t5(0x76) 0x0 >
0x76: <add t7(0x1867) 0x1 >
[.] R=0x1868

0x77: <mov [t7(0x1868)](0x0) t0(0x11223344) >
0x78: <mov t0(0x11223344) [t1(0x3f8)](0x57) >
0x79: <ldw t6(0x6d) 0x0 >
0x7b: <jz t6(0x81) t0(0x57) >
0x7c: <sys 0x4 0x0 >
writingw:  87
0x7d: <add t1(0x3f8) 0x1 >
[.] R=0x3f9

0x7e: <ldw t6(0x81) 0x0 >
0x80: <jmp t6(0x78) 0x0 >
0x78: <mov t0(0x57) [t1(0x3f9)](0x72) >
0x79: <ldw t6(0x78) 0x0 >
0x7b: <jz t6(0x81) t0(0x72) >
0x7c: <sys 0x4 0x0 >
writingw:  114
0x7d: <add t1(0x3f9) 0x1 >
[.] R=0x3fa

0x7e: <ldw t6(0x81) 0x0 >
0x80: <jmp t6(0x78) 0x0 >
0x78: <mov t0(0x72) [t1(0x3fa)](0x6f) >
0x79: <ldw t6(0x78) 0x0 >
0x7b: <jz t6(0x81) t0(0x6f) >
0x7c: <sys 0x4 0x0 >
writingw:  111
0x7d: <add t1(0x3fa) 0x1 >
[.] R=0x3fb

0x7e: <ldw t6(0x81) 0x0 >
0x80: <jmp t6(0x78) 0x0 >
0x78: <mov t0(0x6f) [t1(0x3fb)](0x6e) >
0x79: <ldw t6(0x78) 0x0 >
0x7b: <jz t6(0x81) t0(0x6e) >
0x7c: <sys 0x4 0x0 >
writingw:  110
0x7d: <add t1(0x3fb) 0x1 >
[.] R=0x3fc

0x7e: <ldw t6(0x81) 0x0 >
0x80: <jmp t6(0x78) 0x0 >
0x78: <mov t0(0x6e) [t1(0x3fc)](0x67) >
0x79: <ldw t6(0x78) 0x0 >
0x7b: <jz t6(0x81) t0(0x67) >
0x7c: <sys 0x4 0x0 >
writingw:  103
0x7d: <add t1(0x3fc) 0x1 >
[.] R=0x3fd

0x7e: <ldw t6(0x81) 0x0 >
0x80: <jmp t6(0x78) 0x0 >
0x78: <mov t0(0x67) [t1(0x3fd)](0x20) >
0x79: <ldw t6(0x78) 0x0 >
0x7b: <jz t6(0x81) t0(0x20) >
0x7c: <sys 0x4 0x0 >
writingw:  32
0x7d: <add t1(0x3fd) 0x1 >
[.] R=0x3fe

0x7e: <ldw t6(0x81) 0x0 >
0x80: <jmp t6(0x78) 0x0 >
0x78: <mov t0(0x20) [t1(0x3fe)](0x48) >
0x79: <ldw t6(0x78) 0x0 >
0x7b: <jz t6(0x81) t0(0x48) >
0x7c: <sys 0x4 0x0 >
writingw:  72
0x7d: <add t1(0x3fe) 0x1 >
[.] R=0x3ff

0x7e: <ldw t6(0x81) 0x0 >
0x80: <jmp t6(0x78) 0x0 >
0x78: <mov t0(0x48) [t1(0x3ff)](0x61) >
0x79: <ldw t6(0x78) 0x0 >
0x7b: <jz t6(0x81) t0(0x61) >
0x7c: <sys 0x4 0x0 >
writingw:  97
0x7d: <add t1(0x3ff) 0x1 >
[.] R=0x400

0x7e: <ldw t6(0x81) 0x0 >
0x80: <jmp t6(0x78) 0x0 >
0x78: <mov t0(0x61) [t1(0x400)](0x6e) >
0x79: <ldw t6(0x78) 0x0 >
0x7b: <jz t6(0x81) t0(0x6e) >
0x7c: <sys 0x4 0x0 >
writingw:  110
0x7d: <add t1(0x400) 0x1 >
[.] R=0x401

0x7e: <ldw t6(0x81) 0x0 >
0x80: <jmp t6(0x78) 0x0 >
0x78: <mov t0(0x6e) [t1(0x401)](0x64) >
0x79: <ldw t6(0x78) 0x0 >
0x7b: <jz t6(0x81) t0(0x64) >
0x7c: <sys 0x4 0x0 >
writingw:  100
0x7d: <add t1(0x401) 0x1 >
[.] R=0x402

0x7e: <ldw t6(0x81) 0x0 >
0x80: <jmp t6(0x78) 0x0 >
0x78: <mov t0(0x64) [t1(0x402)](0x73) >
0x79: <ldw t6(0x78) 0x0 >
0x7b: <jz t6(0x81) t0(0x73) >
0x7c: <sys 0x4 0x0 >
writingw:  115
0x7d: <add t1(0x402) 0x1 >
[.] R=0x403

0x7e: <ldw t6(0x81) 0x0 >
0x80: <jmp t6(0x78) 0x0 >
0x78: <mov t0(0x73) [t1(0x403)](0x68) >
0x79: <ldw t6(0x78) 0x0 >
0x7b: <jz t6(0x81) t0(0x68) >
0x7c: <sys 0x4 0x0 >
writingw:  104
0x7d: <add t1(0x403) 0x1 >
[.] R=0x404

0x7e: <ldw t6(0x81) 0x0 >
0x80: <jmp t6(0x78) 0x0 >
0x78: <mov t0(0x68) [t1(0x404)](0x61) >
0x79: <ldw t6(0x78) 0x0 >
0x7b: <jz t6(0x81) t0(0x61) >
0x7c: <sys 0x4 0x0 >
writingw:  97
0x7d: <add t1(0x404) 0x1 >
[.] R=0x405

0x7e: <ldw t6(0x81) 0x0 >
0x80: <jmp t6(0x78) 0x0 >
0x78: <mov t0(0x61) [t1(0x405)](0x6b) >
0x79: <ldw t6(0x78) 0x0 >
0x7b: <jz t6(0x81) t0(0x6b) >
0x7c: <sys 0x4 0x0 >
writingw:  107
0x7d: <add t1(0x405) 0x1 >
[.] R=0x406

0x7e: <ldw t6(0x81) 0x0 >
0x80: <jmp t6(0x78) 0x0 >
0x78: <mov t0(0x6b) [t1(0x406)](0x65) >
0x79: <ldw t6(0x78) 0x0 >
0x7b: <jz t6(0x81) t0(0x65) >
0x7c: <sys 0x4 0x0 >
writingw:  101
0x7d: <add t1(0x406) 0x1 >
[.] R=0x407

0x7e: <ldw t6(0x81) 0x0 >
0x80: <jmp t6(0x78) 0x0 >
0x78: <mov t0(0x65) [t1(0x407)](0x0) >
0x79: <ldw t6(0x78) 0x0 >
0x7b: <jz t6(0x81) t0(0x0) >
0x81: <mov t0(0x0) [t7(0x1868)](0x11223344) >
0x82: <mov [t7(0x1868)](0x11223344) 0x0 >
0x83: <sub t7(0x1868) 0x1 >
[.] R=0x1867

0x84: <mov t6(0x81) [t7(0x1867)](0x6d) >
0x85: <mov [t7(0x1867)](0x6d) 0x0 >
0x86: <sub t7(0x1867) 0x1 >
[.] R=0x1866

0x87: <jmp t6(0x6d) 0x0 >
0x6d: <mov t0(0x11223344) 0xa >
0x6e: <sys 0x4 0x0 >
writingw:  10
0x6f: <mov t0(0xa) [t7(0x1866)](0x11223344) >
0x70: <mov [t7(0x1866)](0x11223344) 0x0 >
0x71: <sub t7(0x1866) 0x1 >
[.] R=0x1865

0x72: <mov t6(0x6d) [t7(0x1865)](0x3f1) >
0x73: <mov [t7(0x1865)](0x3f1) 0x0 >
0x74: <sub t7(0x1865) 0x1 >
[.] R=0x1864

0x75: <jmp t6(0x3f1) 0x0 >
0x3f1: <ldw t5(0x76) 0x0 >
0x3f3: <mov t6(0x3f1) ip(0x3f3) >
0x3f4: <add t6(0x3f3) 0x5 >
[.] R=0x3f8

0x3f5: <add t7(0x1864) 0x1 >
[.] R=0x1865

0x3f6: <mov [t7(0x1865)](0x0) t6(0x3f8) >
0x3f7: <jmp t5(0x552) 0x0 >
0x552: <sys 0x0 0x0 >
